End initialization
count 371633 time 2006 throughput 185
 Dispatcher fullCount: 1382250
 Thread 0 work : 21296/85950 EmptyCount: 789220
 Thread 1 work : 787/3010 EmptyCount: 12302
 Thread 2 work : 809/3330 EmptyCount: 8877
 Thread 3 work : 12271/50142 EmptyCount: 471168
 Thread 4 work : 845/3558 EmptyCount: 10322
 Thread 5 work : 907/3591 EmptyCount: 8352
 Thread 6 work : 851/3478 EmptyCount: 9221
 Thread 7 work : 16128/65510 EmptyCount: 609240
 Thread 8 work : 895/3450 EmptyCount: 9833
 Thread 9 work : 787/3067 EmptyCount: 8253
 Thread 10 work : 852/3505 EmptyCount: 8431
 Thread 11 work : 8855/35367 EmptyCount: 319386
 Thread 12 work : 796/3135 EmptyCount: 7035
 Thread 13 work : 778/3186 EmptyCount: 8904
 Thread 14 work : 839/3402 EmptyCount: 6719
 Thread 15 work : 4909/20105 EmptyCount: 169191
check failure: 2006
